mode: atomic
github.com/shoobyban/sshman/backend/data.go:41.37,52.2 1 0
github.com/shoobyban/sshman/backend/data.go:55.55,66.2 1 0
github.com/shoobyban/sshman/backend/data.go:69.38,72.16 3 0
github.com/shoobyban/sshman/backend/data.go:72.16,75.3 2 0
github.com/shoobyban/sshman/backend/data.go:76.2,76.10 1 0
github.com/shoobyban/sshman/backend/data.go:80.40,85.2 4 0
github.com/shoobyban/sshman/backend/data.go:87.31,89.31 2 20
github.com/shoobyban/sshman/backend/data.go:89.31,90.37 1 36
github.com/shoobyban/sshman/backend/data.go:90.37,91.34 1 39
github.com/shoobyban/sshman/backend/data.go:91.34,94.5 2 7
github.com/shoobyban/sshman/backend/data.go:94.10,96.5 1 32
github.com/shoobyban/sshman/backend/data.go:99.2,99.31 1 20
github.com/shoobyban/sshman/backend/data.go:99.31,100.37 1 27
github.com/shoobyban/sshman/backend/data.go:100.37,101.34 1 25
github.com/shoobyban/sshman/backend/data.go:101.34,104.5 2 19
github.com/shoobyban/sshman/backend/data.go:104.10,106.5 1 6
github.com/shoobyban/sshman/backend/data.go:109.2,109.19 1 20
github.com/shoobyban/sshman/backend/data.go:113.61,114.35 1 11
github.com/shoobyban/sshman/backend/data.go:114.35,115.26 1 12
github.com/shoobyban/sshman/backend/data.go:115.26,117.4 1 7
github.com/shoobyban/sshman/backend/data.go:120.2,120.16 1 4
github.com/shoobyban/sshman/backend/data.go:124.24,125.22 1 89
github.com/shoobyban/sshman/backend/data.go:125.22,127.3 1 2
github.com/shoobyban/sshman/backend/data.go:128.2,128.19 1 87
github.com/shoobyban/sshman/backend/data.go:131.47,133.33 2 12
github.com/shoobyban/sshman/backend/data.go:133.33,134.40 1 20
github.com/shoobyban/sshman/backend/data.go:134.40,136.4 1 8
github.com/shoobyban/sshman/backend/data.go:138.2,138.14 1 12
github.com/shoobyban/sshman/backend/data.go:142.47,144.33 2 8
github.com/shoobyban/sshman/backend/data.go:144.33,145.50 1 10
github.com/shoobyban/sshman/backend/data.go:145.50,147.4 1 6
github.com/shoobyban/sshman/backend/data.go:149.2,149.14 1 8
github.com/shoobyban/sshman/backend/data.go:153.46,154.37 1 1
github.com/shoobyban/sshman/backend/data.go:154.37,155.46 1 2
github.com/shoobyban/sshman/backend/data.go:155.46,158.4 2 2
github.com/shoobyban/sshman/backend/data.go:160.2,160.11 1 1
github.com/shoobyban/sshman/backend/data.go:164.50,167.20 3 40
github.com/shoobyban/sshman/backend/data.go:167.20,169.3 1 1
github.com/shoobyban/sshman/backend/data.go:170.2,172.11 3 40
github.com/shoobyban/sshman/backend/data.go:176.41,180.2 3 16
github.com/shoobyban/sshman/backend/data.go:183.41,187.2 3 42
github.com/shoobyban/sshman/backend/data.go:190.45,193.2 2 0
github.com/shoobyban/sshman/backend/data.go:196.48,197.32 1 4
github.com/shoobyban/sshman/backend/data.go:197.32,199.3 1 1
github.com/shoobyban/sshman/backend/data.go:200.2,200.12 1 3
github.com/shoobyban/sshman/backend/data.go:204.57,205.20 1 1
github.com/shoobyban/sshman/backend/data.go:205.20,207.3 1 0
github.com/shoobyban/sshman/backend/data.go:208.2,208.37 1 1
github.com/shoobyban/sshman/backend/data.go:208.37,210.17 2 2
github.com/shoobyban/sshman/backend/data.go:210.17,212.12 2 2
github.com/shoobyban/sshman/backend/data.go:214.3,214.25 1 0
github.com/shoobyban/sshman/backend/data.go:216.2,217.12 2 1
github.com/shoobyban/sshman/backend/data.go:222.59,224.52 2 2
github.com/shoobyban/sshman/backend/data.go:224.52,228.3 3 1
github.com/shoobyban/sshman/backend/data.go:229.2,239.18 3 1
github.com/shoobyban/sshman/backend/data.go:243.58,247.38 4 1
github.com/shoobyban/sshman/backend/data.go:247.38,249.3 1 0
github.com/shoobyban/sshman/backend/data.go:250.2,252.15 3 1
github.com/shoobyban/sshman/backend/data.go:252.15,254.3 1 0
github.com/shoobyban/sshman/backend/data.go:255.2,255.12 1 1
github.com/shoobyban/sshman/backend/data.go:259.47,263.29 4 0
github.com/shoobyban/sshman/backend/data.go:263.29,267.3 3 0
github.com/shoobyban/sshman/backend/data.go:268.2,268.11 1 0
github.com/shoobyban/sshman/backend/data.go:272.46,276.32 4 4
github.com/shoobyban/sshman/backend/data.go:276.32,277.26 1 14
github.com/shoobyban/sshman/backend/data.go:277.26,282.4 4 2
github.com/shoobyban/sshman/backend/data.go:284.2,284.12 1 4
github.com/shoobyban/sshman/backend/data.go:284.12,286.3 1 2
github.com/shoobyban/sshman/backend/data.go:287.2,287.14 1 4
github.com/shoobyban/sshman/backend/data.go:292.85,294.16 2 4
github.com/shoobyban/sshman/backend/data.go:294.16,296.3 1 2
github.com/shoobyban/sshman/backend/data.go:297.2,300.21 4 2
github.com/shoobyban/sshman/backend/data.go:304.58,307.20 3 34
github.com/shoobyban/sshman/backend/data.go:307.20,309.3 1 0
github.com/shoobyban/sshman/backend/data.go:310.2,311.32 2 34
github.com/shoobyban/sshman/backend/data.go:311.32,312.17 1 3
github.com/shoobyban/sshman/backend/data.go:312.17,315.24 3 1
github.com/shoobyban/sshman/backend/data.go:315.24,317.24 2 1
github.com/shoobyban/sshman/backend/data.go:317.24,320.6 2 1
github.com/shoobyban/sshman/backend/data.go:322.4,322.14 1 1
github.com/shoobyban/sshman/backend/data.go:324.3,324.61 1 2
github.com/shoobyban/sshman/backend/data.go:326.2,326.16 1 31
github.com/shoobyban/sshman/backend/data.go:326.16,328.3 1 3
github.com/shoobyban/sshman/backend/data.go:329.2,331.12 3 31
github.com/shoobyban/sshman/backend/data.go:335.48,336.25 1 0
github.com/shoobyban/sshman/backend/data.go:336.25,338.3 1 0
github.com/shoobyban/sshman/backend/data.go:339.2,340.20 2 0
github.com/shoobyban/sshman/backend/data.go:340.20,342.3 1 0
github.com/shoobyban/sshman/backend/data.go:343.2,351.12 7 0
github.com/shoobyban/sshman/backend/data.go:355.46,358.33 3 2
github.com/shoobyban/sshman/backend/data.go:358.33,362.3 3 1
github.com/shoobyban/sshman/backend/data.go:363.2,363.14 1 1
github.com/shoobyban/sshman/backend/data.go:367.42,370.22 3 1
github.com/shoobyban/sshman/backend/data.go:370.22,372.29 2 1
github.com/shoobyban/sshman/backend/data.go:372.29,373.34 1 2
github.com/shoobyban/sshman/backend/data.go:373.34,375.5 1 2
github.com/shoobyban/sshman/backend/data.go:378.2,380.29 3 1
github.com/shoobyban/sshman/backend/data.go:380.29,382.13 2 2
github.com/shoobyban/sshman/backend/data.go:382.13,386.4 3 0
github.com/shoobyban/sshman/backend/data.go:387.3,390.21 3 2
github.com/shoobyban/sshman/backend/data.go:392.2,392.11 1 1
github.com/shoobyban/sshman/backend/data.go:396.45,398.16 2 2
github.com/shoobyban/sshman/backend/data.go:398.16,401.3 2 0
github.com/shoobyban/sshman/backend/data.go:402.2,402.29 1 2
github.com/shoobyban/sshman/backend/data.go:402.29,405.3 2 4
github.com/shoobyban/sshman/backend/data.go:406.2,407.12 2 2
github.com/shoobyban/sshman/backend/data.go:411.46,414.22 3 0
github.com/shoobyban/sshman/backend/data.go:414.22,415.29 1 0
github.com/shoobyban/sshman/backend/data.go:415.29,416.34 1 0
github.com/shoobyban/sshman/backend/data.go:416.34,418.5 1 0
github.com/shoobyban/sshman/backend/data.go:424.50,428.35 4 4
github.com/shoobyban/sshman/backend/data.go:428.35,429.37 1 8
github.com/shoobyban/sshman/backend/data.go:429.37,430.34 1 9
github.com/shoobyban/sshman/backend/data.go:430.34,433.5 2 1
github.com/shoobyban/sshman/backend/data.go:433.10,435.5 1 8
github.com/shoobyban/sshman/backend/data.go:438.2,438.31 1 4
github.com/shoobyban/sshman/backend/data.go:438.31,439.37 1 9
github.com/shoobyban/sshman/backend/data.go:439.37,440.34 1 11
github.com/shoobyban/sshman/backend/data.go:440.34,443.5 2 7
github.com/shoobyban/sshman/backend/data.go:443.10,445.5 1 4
github.com/shoobyban/sshman/backend/data.go:448.2,448.15 1 4
github.com/shoobyban/sshman/backend/data.go:452.50,454.14 2 2
github.com/shoobyban/sshman/backend/data.go:454.14,457.3 2 1
github.com/shoobyban/sshman/backend/data.go:458.2,458.14 1 1
github.com/shoobyban/sshman/backend/data.go:462.43,466.2 3 0
github.com/shoobyban/sshman/backend/data.go:469.44,473.2 3 14
github.com/shoobyban/sshman/backend/data.go:476.47,479.35 3 1
github.com/shoobyban/sshman/backend/data.go:479.35,482.3 2 0
github.com/shoobyban/sshman/backend/data.go:484.2,484.31 1 1
github.com/shoobyban/sshman/backend/data.go:484.31,486.3 1 2
github.com/shoobyban/sshman/backend/data.go:488.2,488.31 1 1
github.com/shoobyban/sshman/backend/data.go:488.31,490.3 1 1
github.com/shoobyban/sshman/backend/data.go:492.2,495.13 4 1
github.com/shoobyban/sshman/backend/data.go:500.70,504.31 3 1
github.com/shoobyban/sshman/backend/data.go:504.31,505.41 1 2
github.com/shoobyban/sshman/backend/data.go:505.41,507.4 1 0
github.com/shoobyban/sshman/backend/data.go:510.2,510.31 1 1
github.com/shoobyban/sshman/backend/data.go:510.31,511.41 1 1
github.com/shoobyban/sshman/backend/data.go:511.41,513.4 1 0
github.com/shoobyban/sshman/backend/data.go:516.2,516.31 1 1
github.com/shoobyban/sshman/backend/data.go:516.31,517.35 1 1
github.com/shoobyban/sshman/backend/data.go:517.35,519.4 1 1
github.com/shoobyban/sshman/backend/data.go:522.2,522.31 1 1
github.com/shoobyban/sshman/backend/data.go:522.31,523.35 1 2
github.com/shoobyban/sshman/backend/data.go:523.35,525.4 1 2
github.com/shoobyban/sshman/backend/data.go:528.2,529.11 2 1
github.com/shoobyban/sshman/backend/data.go:532.62,538.2 5 0
github.com/shoobyban/sshman/backend/data.go:541.57,543.17 2 4
github.com/shoobyban/sshman/backend/data.go:543.17,545.3 1 2
github.com/shoobyban/sshman/backend/data.go:546.2,546.32 1 2
github.com/shoobyban/sshman/backend/data.go:546.32,547.31 1 2
github.com/shoobyban/sshman/backend/data.go:547.31,549.4 1 1
github.com/shoobyban/sshman/backend/data.go:551.2,551.14 1 1
github.com/shoobyban/sshman/backend/data.go:554.43,557.31 3 0
github.com/shoobyban/sshman/backend/data.go:557.31,559.3 1 0
github.com/shoobyban/sshman/backend/data.go:560.2,560.12 1 0
github.com/shoobyban/sshman/backend/data.go:564.29,569.2 4 0
github.com/shoobyban/sshman/backend/data.go:571.28,572.18 1 37
github.com/shoobyban/sshman/backend/data.go:572.18,574.3 1 2
github.com/shoobyban/sshman/backend/data.go:575.2,575.14 1 37
github.com/shoobyban/sshman/backend/data.go:579.41,583.2 3 0
github.com/shoobyban/sshman/backend/default_config.go:3.28,14.2 5 0
github.com/shoobyban/sshman/backend/errors.go:11.33,13.14 2 6
github.com/shoobyban/sshman/backend/errors.go:13.14,15.3 1 0
github.com/shoobyban/sshman/backend/errors.go:16.2,16.29 1 6
github.com/shoobyban/sshman/backend/errors.go:16.29,19.3 2 6
github.com/shoobyban/sshman/backend/errors.go:21.2,21.18 1 6
github.com/shoobyban/sshman/backend/errors.go:25.58,27.2 1 3
github.com/shoobyban/sshman/backend/funcs.go:12.32,16.2 3 62
github.com/shoobyban/sshman/backend/funcs.go:18.39,21.25 3 17
github.com/shoobyban/sshman/backend/funcs.go:21.25,22.21 1 33
github.com/shoobyban/sshman/backend/funcs.go:22.21,23.21 1 24
github.com/shoobyban/sshman/backend/funcs.go:23.21,26.5 2 24
github.com/shoobyban/sshman/backend/funcs.go:29.2,29.11 1 17
github.com/shoobyban/sshman/backend/funcs.go:32.42,33.27 1 7
github.com/shoobyban/sshman/backend/funcs.go:33.27,34.28 1 5
github.com/shoobyban/sshman/backend/funcs.go:34.28,35.14 1 7
github.com/shoobyban/sshman/backend/funcs.go:35.14,37.5 1 3
github.com/shoobyban/sshman/backend/funcs.go:40.2,40.14 1 4
github.com/shoobyban/sshman/backend/funcs.go:43.46,44.26 1 40
github.com/shoobyban/sshman/backend/funcs.go:44.26,45.13 1 45
github.com/shoobyban/sshman/backend/funcs.go:45.13,47.4 1 19
github.com/shoobyban/sshman/backend/funcs.go:49.2,49.14 1 21
github.com/shoobyban/sshman/backend/funcs.go:52.44,53.22 1 6
github.com/shoobyban/sshman/backend/funcs.go:53.22,54.13 1 6
github.com/shoobyban/sshman/backend/funcs.go:54.13,56.4 1 6
github.com/shoobyban/sshman/backend/funcs.go:58.2,58.10 1 0
github.com/shoobyban/sshman/backend/funcs.go:61.83,64.29 3 9
github.com/shoobyban/sshman/backend/funcs.go:64.29,66.3 1 12
github.com/shoobyban/sshman/backend/funcs.go:67.2,67.29 1 9
github.com/shoobyban/sshman/backend/funcs.go:67.29,68.32 1 11
github.com/shoobyban/sshman/backend/funcs.go:68.32,70.4 1 8
github.com/shoobyban/sshman/backend/funcs.go:71.3,71.21 1 11
github.com/shoobyban/sshman/backend/funcs.go:73.2,73.29 1 9
github.com/shoobyban/sshman/backend/funcs.go:73.29,74.32 1 12
github.com/shoobyban/sshman/backend/funcs.go:74.32,76.4 1 9
github.com/shoobyban/sshman/backend/funcs.go:78.2,78.8 1 9
github.com/shoobyban/sshman/backend/funcs.go:84.53,86.16 2 4
github.com/shoobyban/sshman/backend/funcs.go:86.16,88.3 1 1
github.com/shoobyban/sshman/backend/funcs.go:89.2,89.30 1 3
github.com/shoobyban/sshman/backend/funcs.go:95.51,97.21 2 3
github.com/shoobyban/sshman/backend/funcs.go:97.21,99.3 1 1
github.com/shoobyban/sshman/backend/funcs.go:100.2,100.19 1 2
github.com/shoobyban/sshman/backend/funcs.go:104.36,108.2 2 0
github.com/shoobyban/sshman/backend/group.go:11.43,12.31 1 2
github.com/shoobyban/sshman/backend/group.go:12.31,13.26 1 3
github.com/shoobyban/sshman/backend/group.go:13.26,15.4 1 1
github.com/shoobyban/sshman/backend/group.go:17.2,17.14 1 1
github.com/shoobyban/sshman/backend/host.go:28.53,30.16 2 2
github.com/shoobyban/sshman/backend/host.go:30.16,32.3 1 0
github.com/shoobyban/sshman/backend/host.go:33.2,35.29 3 2
github.com/shoobyban/sshman/backend/host.go:35.29,37.22 2 4
github.com/shoobyban/sshman/backend/host.go:37.22,40.22 3 4
github.com/shoobyban/sshman/backend/host.go:40.22,42.5 1 4
github.com/shoobyban/sshman/backend/host.go:43.4,44.19 2 4
github.com/shoobyban/sshman/backend/host.go:44.19,46.23 2 3
github.com/shoobyban/sshman/backend/host.go:46.23,48.6 1 3
github.com/shoobyban/sshman/backend/host.go:49.5,50.27 2 3
github.com/shoobyban/sshman/backend/host.go:52.4,52.37 1 4
github.com/shoobyban/sshman/backend/host.go:55.2,55.27 1 2
github.com/shoobyban/sshman/backend/host.go:59.56,60.16 1 0
github.com/shoobyban/sshman/backend/host.go:60.16,62.3 1 0
github.com/shoobyban/sshman/backend/host.go:63.2,63.48 1 0
github.com/shoobyban/sshman/backend/host.go:63.48,65.30 1 0
github.com/shoobyban/sshman/backend/host.go:65.30,67.4 1 0
github.com/shoobyban/sshman/backend/host.go:69.2,70.32 2 0
github.com/shoobyban/sshman/backend/host.go:70.32,71.41 1 0
github.com/shoobyban/sshman/backend/host.go:71.41,73.4 1 0
github.com/shoobyban/sshman/backend/host.go:75.2,78.12 4 0
github.com/shoobyban/sshman/backend/host.go:81.56,82.21 1 18
github.com/shoobyban/sshman/backend/host.go:82.21,84.3 1 0
github.com/shoobyban/sshman/backend/host.go:85.2,86.16 2 18
github.com/shoobyban/sshman/backend/host.go:86.16,88.3 1 0
github.com/shoobyban/sshman/backend/host.go:89.2,90.17 2 18
github.com/shoobyban/sshman/backend/host.go:94.41,96.37 2 10
github.com/shoobyban/sshman/backend/host.go:96.37,98.17 2 10
github.com/shoobyban/sshman/backend/host.go:98.17,100.4 1 1
github.com/shoobyban/sshman/backend/host.go:101.3,103.13 3 9
github.com/shoobyban/sshman/backend/host.go:105.2,105.19 1 10
github.com/shoobyban/sshman/backend/host.go:109.44,110.37 1 8
github.com/shoobyban/sshman/backend/host.go:110.37,112.17 2 8
github.com/shoobyban/sshman/backend/host.go:112.17,114.4 1 1
github.com/shoobyban/sshman/backend/host.go:115.3,115.53 1 7
github.com/shoobyban/sshman/backend/host.go:115.53,117.4 1 0
github.com/shoobyban/sshman/backend/host.go:118.3,118.22 1 7
github.com/shoobyban/sshman/backend/host.go:118.22,120.4 1 1
github.com/shoobyban/sshman/backend/host.go:121.3,122.17 2 6
github.com/shoobyban/sshman/backend/host.go:122.17,124.4 1 0
github.com/shoobyban/sshman/backend/host.go:125.3,128.13 4 6
github.com/shoobyban/sshman/backend/host.go:133.35,135.2 1 2
github.com/shoobyban/sshman/backend/host.go:138.37,140.2 1 28
github.com/shoobyban/sshman/backend/host.go:143.43,145.2 1 5
github.com/shoobyban/sshman/backend/host.go:148.51,150.2 1 5
github.com/shoobyban/sshman/backend/host.go:153.43,154.28 1 15
github.com/shoobyban/sshman/backend/host.go:154.28,155.23 1 12
github.com/shoobyban/sshman/backend/host.go:155.23,157.4 1 6
github.com/shoobyban/sshman/backend/host.go:159.2,159.14 1 9
github.com/shoobyban/sshman/backend/host.go:163.39,164.28 1 8
github.com/shoobyban/sshman/backend/host.go:164.28,166.3 1 2
github.com/shoobyban/sshman/backend/host.go:167.2,168.45 2 6
github.com/shoobyban/sshman/backend/host.go:168.45,171.3 1 1
github.com/shoobyban/sshman/backend/host.go:172.2,172.19 1 5
github.com/shoobyban/sshman/backend/host.go:176.31,178.31 2 8
github.com/shoobyban/sshman/backend/host.go:178.31,181.3 1 8
github.com/shoobyban/sshman/backend/host.go:182.2,185.23 3 8
github.com/shoobyban/sshman/backend/host.go:189.42,190.28 1 6
github.com/shoobyban/sshman/backend/host.go:190.28,192.3 1 2
github.com/shoobyban/sshman/backend/host.go:193.2,193.14 1 4
github.com/shoobyban/sshman/backend/host.go:193.14,195.3 1 0
github.com/shoobyban/sshman/backend/host.go:196.2,197.31 2 4
github.com/shoobyban/sshman/backend/host.go:197.31,198.24 1 5
github.com/shoobyban/sshman/backend/host.go:198.24,199.56 1 4
github.com/shoobyban/sshman/backend/host.go:199.56,201.5 1 0
github.com/shoobyban/sshman/backend/host.go:202.4,204.12 3 4
github.com/shoobyban/sshman/backend/host.go:206.3,206.36 1 1
github.com/shoobyban/sshman/backend/host.go:208.2,209.16 2 4
github.com/shoobyban/sshman/backend/host.go:209.16,210.46 1 4
github.com/shoobyban/sshman/backend/host.go:210.46,213.4 1 1
github.com/shoobyban/sshman/backend/host.go:214.3,214.20 1 3
github.com/shoobyban/sshman/backend/host.go:216.2,216.12 1 0
github.com/shoobyban/sshman/backend/host.go:220.39,222.34 2 1
github.com/shoobyban/sshman/backend/host.go:222.34,224.3 1 0
github.com/shoobyban/sshman/backend/host.go:225.2,225.34 1 1
github.com/shoobyban/sshman/backend/host.go:225.34,227.3 1 0
github.com/shoobyban/sshman/backend/host.go:228.2,228.14 1 1
github.com/shoobyban/sshman/backend/host.go:232.66,244.2 7 5
github.com/shoobyban/sshman/backend/host.go:246.83,247.32 1 5
github.com/shoobyban/sshman/backend/host.go:247.32,249.27 2 5
github.com/shoobyban/sshman/backend/host.go:249.27,251.30 1 4
github.com/shoobyban/sshman/backend/host.go:251.30,252.13 1 1
github.com/shoobyban/sshman/backend/host.go:254.4,254.26 1 3
github.com/shoobyban/sshman/backend/host.go:254.26,256.19 2 2
github.com/shoobyban/sshman/backend/host.go:256.19,259.14 3 1
github.com/shoobyban/sshman/backend/host.go:261.5,261.60 1 1
github.com/shoobyban/sshman/backend/host.go:265.2,265.16 1 5
github.com/shoobyban/sshman/backend/host.go:268.65,270.30 2 5
github.com/shoobyban/sshman/backend/host.go:270.30,272.27 2 3
github.com/shoobyban/sshman/backend/host.go:272.27,273.27 1 2
github.com/shoobyban/sshman/backend/host.go:273.27,276.19 3 2
github.com/shoobyban/sshman/backend/host.go:276.19,279.14 3 0
github.com/shoobyban/sshman/backend/host.go:281.5,281.88 1 2
github.com/shoobyban/sshman/backend/host.go:285.2,285.16 1 5
github.com/shoobyban/sshman/backend/log.go:50.29,56.10 3 21
github.com/shoobyban/sshman/backend/log.go:56.10,58.3 1 21
github.com/shoobyban/sshman/backend/log.go:59.2,59.14 1 21
github.com/shoobyban/sshman/backend/log.go:63.39,68.2 4 0
github.com/shoobyban/sshman/backend/log.go:71.40,76.2 4 0
github.com/shoobyban/sshman/backend/log.go:78.34,81.23 3 98
github.com/shoobyban/sshman/backend/log.go:81.23,83.3 1 6
github.com/shoobyban/sshman/backend/log.go:83.8,85.3 1 92
github.com/shoobyban/sshman/backend/log.go:86.2,86.32 1 98
github.com/shoobyban/sshman/backend/log.go:86.32,88.3 1 0
github.com/shoobyban/sshman/backend/log.go:92.56,94.2 1 6
github.com/shoobyban/sshman/backend/log.go:97.55,99.2 1 92
github.com/shoobyban/sshman/backend/sftp.go:42.60,47.2 1 0
github.com/shoobyban/sshman/backend/sftp.go:50.62,51.38 1 18
github.com/shoobyban/sshman/backend/sftp.go:51.38,54.3 2 0
github.com/shoobyban/sshman/backend/sftp.go:55.2,55.49 1 18
github.com/shoobyban/sshman/backend/sftp.go:55.49,58.25 3 18
github.com/shoobyban/sshman/backend/sftp.go:58.25,60.4 1 1
github.com/shoobyban/sshman/backend/sftp.go:61.3,61.13 1 18
github.com/shoobyban/sshman/backend/sftp.go:63.2,64.16 2 0
github.com/shoobyban/sshman/backend/sftp.go:64.16,66.3 1 0
github.com/shoobyban/sshman/backend/sftp.go:68.2,69.16 2 0
github.com/shoobyban/sshman/backend/sftp.go:69.16,71.3 1 0
github.com/shoobyban/sshman/backend/sftp.go:72.2,76.84 1 0
github.com/shoobyban/sshman/backend/sftp.go:76.84,79.4 1 0
github.com/shoobyban/sshman/backend/sftp.go:81.2,82.16 2 0
github.com/shoobyban/sshman/backend/sftp.go:82.16,84.3 1 0
github.com/shoobyban/sshman/backend/sftp.go:85.2,86.16 2 0
github.com/shoobyban/sshman/backend/sftp.go:86.16,88.3 1 0
github.com/shoobyban/sshman/backend/sftp.go:89.2,89.12 1 0
github.com/shoobyban/sshman/backend/sftp.go:93.55,95.2 1 2
github.com/shoobyban/sshman/backend/sftp.go:98.45,100.2 1 2
github.com/shoobyban/sshman/backend/sftp.go:104.55,105.31 1 6
github.com/shoobyban/sshman/backend/sftp.go:105.31,107.3 1 0
github.com/shoobyban/sshman/backend/sftp.go:108.2,108.12 1 6
github.com/shoobyban/sshman/backend/sftp.go:108.12,109.62 1 6
github.com/shoobyban/sshman/backend/sftp.go:109.62,111.4 1 0
github.com/shoobyban/sshman/backend/sftp.go:112.3,114.13 3 6
github.com/shoobyban/sshman/backend/sftp.go:116.2,117.16 2 0
github.com/shoobyban/sshman/backend/sftp.go:117.16,119.3 1 0
github.com/shoobyban/sshman/backend/sftp.go:120.2,121.49 2 0
github.com/shoobyban/sshman/backend/sftp.go:121.49,123.3 1 0
github.com/shoobyban/sshman/backend/sftp.go:124.2,124.12 1 0
github.com/shoobyban/sshman/backend/sftp.go:129.58,130.12 1 10
github.com/shoobyban/sshman/backend/sftp.go:130.12,131.18 1 10
github.com/shoobyban/sshman/backend/sftp.go:131.18,133.4 1 1
github.com/shoobyban/sshman/backend/sftp.go:134.3,134.34 1 9
github.com/shoobyban/sshman/backend/sftp.go:136.2,137.16 2 0
github.com/shoobyban/sshman/backend/sftp.go:137.16,139.3 1 0
github.com/shoobyban/sshman/backend/sftp.go:140.2,141.22 2 0
github.com/shoobyban/sshman/backend/sftp.go:145.28,146.13 1 18
github.com/shoobyban/sshman/backend/sftp.go:146.13,148.3 1 0
github.com/shoobyban/sshman/backend/slicediff.go:4.63,9.25 2 2
github.com/shoobyban/sshman/backend/slicediff.go:9.25,10.29 1 4
github.com/shoobyban/sshman/backend/slicediff.go:10.29,12.30 2 2
github.com/shoobyban/sshman/backend/slicediff.go:12.30,13.17 1 2
github.com/shoobyban/sshman/backend/slicediff.go:13.17,15.11 2 0
github.com/shoobyban/sshman/backend/slicediff.go:19.4,19.14 1 2
github.com/shoobyban/sshman/backend/slicediff.go:19.14,21.5 1 2
github.com/shoobyban/sshman/backend/slicediff.go:24.3,24.13 1 4
github.com/shoobyban/sshman/backend/slicediff.go:24.13,26.4 1 2
github.com/shoobyban/sshman/backend/slicediff.go:29.2,29.13 1 2
github.com/shoobyban/sshman/backend/storage_json.go:24.46,26.16 2 0
github.com/shoobyban/sshman/backend/storage_json.go:26.16,28.3 1 0
github.com/shoobyban/sshman/backend/storage_json.go:29.2,29.17 1 0
github.com/shoobyban/sshman/backend/storage_json.go:29.17,31.3 1 0
github.com/shoobyban/sshman/backend/storage_json.go:32.2,34.16 3 0
github.com/shoobyban/sshman/backend/storage_json.go:34.16,37.3 2 0
github.com/shoobyban/sshman/backend/storage_json.go:38.2,41.38 4 0
github.com/shoobyban/sshman/backend/storage_json.go:41.38,44.3 2 0
github.com/shoobyban/sshman/backend/storage_json.go:45.2,46.12 2 0
github.com/shoobyban/sshman/backend/storage_json.go:49.46,54.2 4 0
github.com/shoobyban/sshman/backend/storage_json.go:56.44,59.12 3 0
github.com/shoobyban/sshman/backend/storage_json.go:59.12,61.17 2 0
github.com/shoobyban/sshman/backend/storage_json.go:61.17,63.4 1 0
github.com/shoobyban/sshman/backend/storage_json.go:64.3,67.13 4 0
github.com/shoobyban/sshman/backend/storage_json.go:67.13,68.8 1 0
github.com/shoobyban/sshman/backend/storage_json.go:68.8,69.12 1 0
github.com/shoobyban/sshman/backend/storage_json.go:70.40,71.13 1 0
github.com/shoobyban/sshman/backend/storage_json.go:71.13,74.7 2 0
github.com/shoobyban/sshman/backend/storage_json.go:75.6,77.39 2 0
github.com/shoobyban/sshman/backend/storage_json.go:77.39,79.7 1 0
github.com/shoobyban/sshman/backend/storage_json.go:79.12,80.37 1 0
github.com/shoobyban/sshman/backend/storage_json.go:80.37,83.7 2 0
github.com/shoobyban/sshman/backend/storage_json.go:85.38,86.12 1 0
github.com/shoobyban/sshman/backend/storage_json.go:86.12,88.7 1 0
github.com/shoobyban/sshman/backend/storage_json.go:89.6,90.12 2 0
github.com/shoobyban/sshman/backend/storage_json.go:94.3,97.18 4 0
github.com/shoobyban/sshman/backend/storage_json.go:99.2,99.15 1 0
github.com/shoobyban/sshman/backend/storage_memory.go:7.48,10.2 2 0
github.com/shoobyban/sshman/backend/storage_memory.go:12.48,15.2 2 87
github.com/shoobyban/sshman/backend/storage_memory.go:17.47,18.2 0 0
github.com/shoobyban/sshman/backend/user.go:23.54,31.2 1 8
github.com/shoobyban/sshman/backend/user.go:34.65,37.21 3 4
github.com/shoobyban/sshman/backend/user.go:37.21,39.3 1 0
github.com/shoobyban/sshman/backend/user.go:40.2,46.38 4 4
github.com/shoobyban/sshman/backend/user.go:46.38,48.35 2 3
github.com/shoobyban/sshman/backend/user.go:48.35,50.4 1 3
github.com/shoobyban/sshman/backend/user.go:52.2,53.19 2 4
github.com/shoobyban/sshman/backend/user.go:53.19,54.22 1 3
github.com/shoobyban/sshman/backend/user.go:54.22,56.4 1 3
github.com/shoobyban/sshman/backend/user.go:57.3,57.30 1 3
github.com/shoobyban/sshman/backend/user.go:57.30,59.4 1 0
github.com/shoobyban/sshman/backend/user.go:60.3,60.75 1 3
github.com/shoobyban/sshman/backend/user.go:62.2,62.12 1 1
github.com/shoobyban/sshman/backend/user.go:65.86,66.32 1 4
github.com/shoobyban/sshman/backend/user.go:66.32,68.27 2 3
github.com/shoobyban/sshman/backend/user.go:68.27,70.30 1 1
github.com/shoobyban/sshman/backend/user.go:70.30,71.13 1 0
github.com/shoobyban/sshman/backend/user.go:73.4,73.26 1 1
github.com/shoobyban/sshman/backend/user.go:73.26,75.19 2 1
github.com/shoobyban/sshman/backend/user.go:75.19,76.23 1 1
github.com/shoobyban/sshman/backend/user.go:76.23,78.7 1 1
github.com/shoobyban/sshman/backend/user.go:79.6,80.14 2 1
github.com/shoobyban/sshman/backend/user.go:82.5,83.26 2 0
github.com/shoobyban/sshman/backend/user.go:87.2,87.15 1 4
github.com/shoobyban/sshman/backend/user.go:90.66,92.30 2 4
github.com/shoobyban/sshman/backend/user.go:92.30,94.27 2 6
github.com/shoobyban/sshman/backend/user.go:94.27,95.27 1 3
github.com/shoobyban/sshman/backend/user.go:95.27,97.19 2 3
github.com/shoobyban/sshman/backend/user.go:97.19,98.23 1 2
github.com/shoobyban/sshman/backend/user.go:98.23,100.7 1 2
github.com/shoobyban/sshman/backend/user.go:101.6,102.14 2 2
github.com/shoobyban/sshman/backend/user.go:104.5,105.26 2 1
github.com/shoobyban/sshman/backend/user.go:109.2,109.15 1 4
github.com/shoobyban/sshman/backend/user.go:113.37,115.2 1 6
github.com/shoobyban/sshman/backend/user.go:118.43,120.2 1 3
github.com/shoobyban/sshman/api/groups.go:17.62,19.57 2 3
github.com/shoobyban/sshman/api/groups.go:19.57,21.3 1 3
github.com/shoobyban/sshman/api/groups.go:22.2,22.32 1 0
github.com/shoobyban/sshman/api/groups.go:26.51,32.2 5 0
github.com/shoobyban/sshman/api/groups.go:35.77,36.75 1 0
github.com/shoobyban/sshman/api/groups.go:36.75,38.3 1 0
github.com/shoobyban/sshman/api/groups.go:42.80,44.76 2 0
github.com/shoobyban/sshman/api/groups.go:44.76,46.3 1 0
github.com/shoobyban/sshman/api/groups.go:51.76,53.2 1 1
github.com/shoobyban/sshman/api/groups.go:57.76,64.63 3 2
github.com/shoobyban/sshman/api/groups.go:64.63,67.3 2 0
github.com/shoobyban/sshman/api/groups.go:68.2,68.23 1 2
github.com/shoobyban/sshman/api/groups.go:68.23,71.3 2 0
github.com/shoobyban/sshman/api/groups.go:72.2,73.35 2 2
github.com/shoobyban/sshman/api/groups.go:73.35,75.3 1 0
github.com/shoobyban/sshman/api/groups.go:76.2,76.57 1 2
github.com/shoobyban/sshman/api/groups.go:76.57,78.3 1 0
github.com/shoobyban/sshman/api/groups.go:82.76,84.33 2 1
github.com/shoobyban/sshman/api/groups.go:84.33,86.3 1 1
github.com/shoobyban/sshman/api/groups.go:86.8,88.3 1 0
github.com/shoobyban/sshman/api/hosts.go:17.62,19.57 2 5
github.com/shoobyban/sshman/api/hosts.go:19.57,21.3 1 5
github.com/shoobyban/sshman/api/hosts.go:22.2,22.32 1 0
github.com/shoobyban/sshman/api/hosts.go:26.50,34.2 7 0
github.com/shoobyban/sshman/api/hosts.go:37.75,39.2 1 1
github.com/shoobyban/sshman/api/hosts.go:42.78,45.2 2 1
github.com/shoobyban/sshman/api/hosts.go:48.74,50.2 1 1
github.com/shoobyban/sshman/api/hosts.go:53.74,58.16 5 2
github.com/shoobyban/sshman/api/hosts.go:58.16,62.3 3 0
github.com/shoobyban/sshman/api/hosts.go:63.2,63.22 1 2
github.com/shoobyban/sshman/api/hosts.go:63.22,67.3 3 0
github.com/shoobyban/sshman/api/hosts.go:68.2,70.20 3 2
github.com/shoobyban/sshman/api/hosts.go:70.20,72.23 2 1
github.com/shoobyban/sshman/api/hosts.go:72.23,74.4 1 0
github.com/shoobyban/sshman/api/hosts.go:76.2,78.16 3 2
github.com/shoobyban/sshman/api/hosts.go:78.16,82.3 3 0
github.com/shoobyban/sshman/api/hosts.go:83.2,83.20 1 2
github.com/shoobyban/sshman/api/hosts.go:83.20,85.3 1 1
github.com/shoobyban/sshman/api/hosts.go:86.2,86.33 1 2
github.com/shoobyban/sshman/api/hosts.go:90.74,94.24 4 1
github.com/shoobyban/sshman/api/hosts.go:94.24,97.3 2 1
github.com/shoobyban/sshman/api/hosts.go:97.8,100.3 2 0
github.com/shoobyban/sshman/api/hosts.go:103.75,108.2 4 0
github.com/shoobyban/sshman/api/hosts.go:110.79,115.2 4 0
github.com/shoobyban/sshman/api/keys.go:19.61,21.57 2 0
github.com/shoobyban/sshman/api/keys.go:21.57,23.3 1 0
github.com/shoobyban/sshman/api/keys.go:24.2,24.32 1 0
github.com/shoobyban/sshman/api/keys.go:28.49,34.2 2 0
github.com/shoobyban/sshman/api/keys.go:37.73,40.13 2 0
github.com/shoobyban/sshman/api/keys.go:40.13,42.3 1 0
github.com/shoobyban/sshman/api/keys.go:43.2,45.16 3 0
github.com/shoobyban/sshman/api/keys.go:45.16,49.3 3 0
github.com/shoobyban/sshman/api/keys.go:50.2,51.29 2 0
github.com/shoobyban/sshman/api/keys.go:51.29,52.19 1 0
github.com/shoobyban/sshman/api/keys.go:52.19,53.12 1 0
github.com/shoobyban/sshman/api/keys.go:55.3,55.42 1 0
github.com/shoobyban/sshman/api/keys.go:55.42,56.12 1 0
github.com/shoobyban/sshman/api/keys.go:58.3,58.12 1 0
github.com/shoobyban/sshman/api/keys.go:59.14,60.46 1 0
github.com/shoobyban/sshman/api/keys.go:61.17,62.74 1 0
github.com/shoobyban/sshman/api/keys.go:62.74,64.5 1 0
github.com/shoobyban/sshman/api/keys.go:65.18,66.74 1 0
github.com/shoobyban/sshman/api/keys.go:66.74,68.5 1 0
github.com/shoobyban/sshman/api/keys.go:71.2,72.39 2 0
github.com/shoobyban/sshman/api/keys.go:72.39,74.3 1 0
github.com/shoobyban/sshman/api/keys.go:75.2,75.16 1 0
github.com/shoobyban/sshman/api/keys.go:79.72,85.16 3 0
github.com/shoobyban/sshman/api/keys.go:85.16,89.3 3 0
github.com/shoobyban/sshman/api/keys.go:90.2,90.28 1 0
github.com/shoobyban/sshman/api/keys.go:90.28,93.3 2 0
github.com/shoobyban/sshman/api/keys.go:95.2,95.24 1 0
github.com/shoobyban/sshman/api/keys.go:95.24,98.3 2 0
github.com/shoobyban/sshman/api/keys.go:100.2,100.84 1 0
github.com/shoobyban/sshman/api/keys.go:100.84,103.3 2 0
github.com/shoobyban/sshman/api/keys.go:104.2,105.37 2 0
github.com/shoobyban/sshman/api/logs.go:19.61,21.57 2 0
github.com/shoobyban/sshman/api/logs.go:21.57,23.3 1 0
github.com/shoobyban/sshman/api/logs.go:24.2,24.32 1 0
github.com/shoobyban/sshman/api/logs.go:28.49,30.2 1 0
github.com/shoobyban/sshman/api/logs.go:33.70,40.9 6 0
github.com/shoobyban/sshman/api/logs.go:40.9,43.3 2 0
github.com/shoobyban/sshman/api/logs.go:44.2,48.6 4 0
github.com/shoobyban/sshman/api/logs.go:48.6,49.10 1 0
github.com/shoobyban/sshman/api/logs.go:50.31,55.13 5 0
github.com/shoobyban/sshman/api/logs.go:56.18,57.10 1 0
github.com/shoobyban/sshman/api/logs.go:58.29,60.10 2 0
github.com/shoobyban/sshman/api/users.go:19.62,21.57 2 6
github.com/shoobyban/sshman/api/users.go:21.57,23.3 1 6
github.com/shoobyban/sshman/api/users.go:24.2,24.32 1 0
github.com/shoobyban/sshman/api/users.go:28.50,34.2 5 0
github.com/shoobyban/sshman/api/users.go:37.75,40.2 2 1
github.com/shoobyban/sshman/api/users.go:43.78,47.2 3 1
github.com/shoobyban/sshman/api/users.go:50.74,53.16 3 1
github.com/shoobyban/sshman/api/users.go:53.16,56.3 2 0
github.com/shoobyban/sshman/api/users.go:57.2,58.21 2 1
github.com/shoobyban/sshman/api/users.go:58.21,60.17 2 1
github.com/shoobyban/sshman/api/users.go:60.17,64.4 3 0
github.com/shoobyban/sshman/api/users.go:65.3,65.23 1 1
github.com/shoobyban/sshman/api/users.go:65.23,67.4 1 0
github.com/shoobyban/sshman/api/users.go:68.3,71.17 4 1
github.com/shoobyban/sshman/api/users.go:73.2,73.81 1 1
github.com/shoobyban/sshman/api/users.go:73.81,77.3 3 0
github.com/shoobyban/sshman/api/users.go:78.2,79.20 2 1
github.com/shoobyban/sshman/api/users.go:79.20,82.3 2 0
github.com/shoobyban/sshman/api/users.go:83.2,85.33 3 1
github.com/shoobyban/sshman/api/users.go:89.74,93.16 3 1
github.com/shoobyban/sshman/api/users.go:93.16,97.3 3 0
github.com/shoobyban/sshman/api/users.go:98.2,98.25 1 1
github.com/shoobyban/sshman/api/users.go:98.25,102.3 3 0
github.com/shoobyban/sshman/api/users.go:103.2,105.16 3 1
github.com/shoobyban/sshman/api/users.go:105.16,109.3 3 0
github.com/shoobyban/sshman/api/users.go:110.2,110.21 1 1
github.com/shoobyban/sshman/api/users.go:110.21,113.17 3 1
github.com/shoobyban/sshman/api/users.go:113.17,117.4 3 0
github.com/shoobyban/sshman/api/users.go:118.3,118.23 1 1
github.com/shoobyban/sshman/api/users.go:118.23,120.4 1 0
github.com/shoobyban/sshman/api/users.go:121.3,124.17 4 1
github.com/shoobyban/sshman/api/users.go:126.2,128.20 3 1
github.com/shoobyban/sshman/api/users.go:128.20,132.3 3 0
github.com/shoobyban/sshman/api/users.go:133.2,140.39 8 1
github.com/shoobyban/sshman/api/users.go:140.39,143.3 2 0
github.com/shoobyban/sshman/api/users.go:144.2,144.37 1 1
github.com/shoobyban/sshman/api/users.go:144.37,147.3 2 0
github.com/shoobyban/sshman/api/users.go:148.2,151.33 4 1
github.com/shoobyban/sshman/api/users.go:155.74,160.17 5 1
github.com/shoobyban/sshman/api/users.go:160.17,163.3 2 0
github.com/shoobyban/sshman/api/users.go:164.2,164.36 1 1
github.com/shoobyban/sshman/api/users.go:164.36,166.3 1 1
github.com/shoobyban/sshman/api/users.go:166.8,168.3 1 0
github.com/shoobyban/sshman/frontend/main.go:13.13,15.16 2 0
github.com/shoobyban/sshman/frontend/main.go:15.16,19.3 2 0
github.com/shoobyban/sshman/frontend/main.go:20.2,20.37 1 0
github.com/shoobyban/sshman/frontend/main.go:20.37,22.3 1 0
github.com/shoobyban/sshman/main.go:5.13,7.2 1 0
github.com/shoobyban/sshman/cmd/add.go:23.13,25.2 1 0
github.com/shoobyban/sshman/cmd/addHost.go:20.45,21.20 1 0
github.com/shoobyban/sshman/cmd/addHost.go:21.20,24.4 2 0
github.com/shoobyban/sshman/cmd/addHost.go:25.3,28.18 4 0
github.com/shoobyban/sshman/cmd/addHost.go:28.18,32.4 3 0
github.com/shoobyban/sshman/cmd/addHost.go:33.3,34.17 2 0
github.com/shoobyban/sshman/cmd/addHost.go:34.17,37.4 2 0
github.com/shoobyban/sshman/cmd/addHost.go:38.3,40.22 3 0
github.com/shoobyban/sshman/cmd/addHost.go:44.13,46.2 1 0
github.com/shoobyban/sshman/cmd/adduser.go:16.45,17.20 1 0
github.com/shoobyban/sshman/cmd/adduser.go:17.20,20.4 2 0
github.com/shoobyban/sshman/cmd/adduser.go:21.3,23.15 3 0
github.com/shoobyban/sshman/cmd/adduser.go:23.15,26.4 2 0
github.com/shoobyban/sshman/cmd/adduser.go:27.3,28.17 2 0
github.com/shoobyban/sshman/cmd/adduser.go:28.17,31.4 2 0
github.com/shoobyban/sshman/cmd/adduser.go:32.3,33.24 2 0
github.com/shoobyban/sshman/cmd/adduser.go:37.13,39.2 1 0
github.com/shoobyban/sshman/cmd/exitIfNo.go:10.17,13.16 3 0
github.com/shoobyban/sshman/cmd/exitIfNo.go:13.16,15.3 1 0
github.com/shoobyban/sshman/cmd/exitIfNo.go:16.2,17.42 2 0
github.com/shoobyban/sshman/cmd/exitIfNo.go:17.42,19.3 1 0
github.com/shoobyban/sshman/cmd/forceupdate.go:13.42,16.30 3 0
github.com/shoobyban/sshman/cmd/forceupdate.go:16.30,18.4 1 0
github.com/shoobyban/sshman/cmd/forceupdate.go:19.3,19.29 1 0
github.com/shoobyban/sshman/cmd/forceupdate.go:23.13,25.2 1 0
github.com/shoobyban/sshman/cmd/groups.go:18.13,20.2 1 0
github.com/shoobyban/sshman/cmd/groupsServer.go:17.45,19.20 2 0
github.com/shoobyban/sshman/cmd/groupsServer.go:19.20,21.4 1 0
github.com/shoobyban/sshman/cmd/groupsServer.go:22.3,25.18 4 0
github.com/shoobyban/sshman/cmd/groupsServer.go:25.18,32.4 6 0
github.com/shoobyban/sshman/cmd/groupsServer.go:36.13,38.2 1 0
github.com/shoobyban/sshman/cmd/groupsUser.go:17.45,19.20 2 0
github.com/shoobyban/sshman/cmd/groupsUser.go:19.20,21.4 1 0
github.com/shoobyban/sshman/cmd/groupsUser.go:22.3,25.18 4 0
github.com/shoobyban/sshman/cmd/groupsUser.go:25.18,32.4 6 0
github.com/shoobyban/sshman/cmd/groupsUser.go:36.13,38.2 1 0
github.com/shoobyban/sshman/cmd/list.go:22.13,24.2 1 0
github.com/shoobyban/sshman/cmd/listAuth.go:15.42,17.40 2 0
github.com/shoobyban/sshman/cmd/listAuth.go:17.40,19.4 1 0
github.com/shoobyban/sshman/cmd/listAuth.go:23.13,25.2 1 0
github.com/shoobyban/sshman/cmd/listGroups.go:15.42,18.34 3 0
github.com/shoobyban/sshman/cmd/listGroups.go:18.34,20.4 1 0
github.com/shoobyban/sshman/cmd/listGroups.go:24.13,26.2 1 0
github.com/shoobyban/sshman/cmd/listHosts.go:15.42,17.40 2 0
github.com/shoobyban/sshman/cmd/listHosts.go:17.40,19.4 1 0
github.com/shoobyban/sshman/cmd/listHosts.go:23.13,25.2 1 0
github.com/shoobyban/sshman/cmd/listUsers.go:15.42,17.36 2 0
github.com/shoobyban/sshman/cmd/listUsers.go:17.36,19.4 1 0
github.com/shoobyban/sshman/cmd/listUsers.go:23.13,25.2 1 0
github.com/shoobyban/sshman/cmd/remove.go:14.13,16.2 1 0
github.com/shoobyban/sshman/cmd/removeHost.go:15.45,17.20 2 0
github.com/shoobyban/sshman/cmd/removeHost.go:17.20,19.4 1 0
github.com/shoobyban/sshman/cmd/removeHost.go:20.3,20.30 1 0
github.com/shoobyban/sshman/cmd/removeHost.go:20.30,22.4 1 0
github.com/shoobyban/sshman/cmd/removeHost.go:27.13,29.2 1 0
github.com/shoobyban/sshman/cmd/removeUser.go:15.45,17.30 2 0
github.com/shoobyban/sshman/cmd/removeUser.go:17.30,19.16 2 0
github.com/shoobyban/sshman/cmd/removeUser.go:19.16,21.5 1 0
github.com/shoobyban/sshman/cmd/removeUser.go:21.10,23.5 1 0
github.com/shoobyban/sshman/cmd/removeUser.go:28.13,30.2 1 0
github.com/shoobyban/sshman/cmd/rename.go:17.13,19.2 1 0
github.com/shoobyban/sshman/cmd/renameHost.go:15.45,17.20 2 0
github.com/shoobyban/sshman/cmd/renameHost.go:17.20,19.4 1 0
github.com/shoobyban/sshman/cmd/renameHost.go:20.3,21.18 2 0
github.com/shoobyban/sshman/cmd/renameHost.go:21.18,26.4 4 0
github.com/shoobyban/sshman/cmd/renameHost.go:30.13,32.2 1 0
github.com/shoobyban/sshman/cmd/renameUser.go:15.45,17.20 2 0
github.com/shoobyban/sshman/cmd/renameUser.go:17.20,19.4 1 0
github.com/shoobyban/sshman/cmd/renameUser.go:20.3,21.18 2 0
github.com/shoobyban/sshman/cmd/renameUser.go:21.18,26.4 4 0
github.com/shoobyban/sshman/cmd/renameUser.go:30.13,32.2 1 0
github.com/shoobyban/sshman/cmd/root.go:18.42,20.3 1 0
github.com/shoobyban/sshman/cmd/root.go:40.42,43.39 3 0
github.com/shoobyban/sshman/cmd/root.go:43.39,45.4 1 0
github.com/shoobyban/sshman/cmd/root.go:51.16,53.2 1 0
github.com/shoobyban/sshman/cmd/root.go:55.13,63.62 5 0
github.com/shoobyban/sshman/cmd/root.go:63.62,65.17 2 0
github.com/shoobyban/sshman/cmd/root.go:65.17,68.4 2 0
github.com/shoobyban/sshman/cmd/root.go:69.3,70.17 2 0
github.com/shoobyban/sshman/cmd/root.go:70.17,73.4 2 0
github.com/shoobyban/sshman/cmd/root.go:74.3,75.17 2 0
github.com/shoobyban/sshman/cmd/root.go:75.17,78.4 2 0
github.com/shoobyban/sshman/cmd/root.go:80.3,80.41 1 0
github.com/shoobyban/sshman/cmd/root.go:80.41,83.4 2 0
github.com/shoobyban/sshman/cmd/root.go:84.3,84.21 1 0
github.com/shoobyban/sshman/cmd/root.go:84.21,87.4 2 0
github.com/shoobyban/sshman/cmd/root.go:89.3,91.44 3 0
github.com/shoobyban/sshman/cmd/root.go:91.44,94.4 2 0
github.com/shoobyban/sshman/cmd/root.go:96.3,96.22 1 0
github.com/shoobyban/sshman/cmd/root.go:96.22,98.19 2 0
github.com/shoobyban/sshman/cmd/root.go:98.19,101.5 2 0
github.com/shoobyban/sshman/cmd/root.go:102.4,104.68 3 0
github.com/shoobyban/sshman/cmd/root.go:105.9,105.29 1 0
github.com/shoobyban/sshman/cmd/root.go:105.29,107.4 1 0
github.com/shoobyban/sshman/cmd/root.go:107.9,109.4 1 0
github.com/shoobyban/sshman/cmd/root.go:112.2,114.30 3 0
github.com/shoobyban/sshman/cmd/root.go:117.18,119.2 1 0
github.com/shoobyban/sshman/cmd/update.go:13.42,16.3 2 0
github.com/shoobyban/sshman/cmd/update.go:19.13,21.2 1 0
github.com/shoobyban/sshman/cmd/web.go:25.74,26.46 1 0
github.com/shoobyban/sshman/cmd/web.go:26.46,30.28 4 0
github.com/shoobyban/sshman/cmd/web.go:30.28,33.4 1 0
github.com/shoobyban/sshman/cmd/web.go:34.3,34.73 1 0
github.com/shoobyban/sshman/cmd/web.go:34.73,37.4 2 0
github.com/shoobyban/sshman/cmd/web.go:46.44,48.38 2 0
github.com/shoobyban/sshman/cmd/web.go:48.38,50.4 1 0
github.com/shoobyban/sshman/cmd/web.go:51.3,52.17 2 0
github.com/shoobyban/sshman/cmd/web.go:52.17,54.4 1 0
github.com/shoobyban/sshman/cmd/web.go:55.3,66.17 11 0
github.com/shoobyban/sshman/cmd/web.go:66.17,68.4 1 0
github.com/shoobyban/sshman/cmd/web.go:69.3,71.17 3 0
github.com/shoobyban/sshman/cmd/web.go:71.17,73.4 1 0
github.com/shoobyban/sshman/cmd/web.go:74.3,74.19 1 0
github.com/shoobyban/sshman/cmd/web.go:74.19,78.4 3 0
github.com/shoobyban/sshman/cmd/web.go:79.3,80.17 2 0
github.com/shoobyban/sshman/cmd/web.go:80.17,82.4 1 0
github.com/shoobyban/sshman/cmd/web.go:83.3,84.38 2 0
github.com/shoobyban/sshman/cmd/web.go:88.13,93.2 4 0
